<?xml version="1.0" encoding="UTF-8"?>
<testsuites name="WorkBenchTestSuite" time="77" tests="1" failures="0" errors="0">
   <testsuite name="WorkBenchTestSuite" tests="1" failures="0" errors="0" time="77" timestamp="2018-07-26 19:00:12" hostname="703177791 - 703177791GDL.mshome.net" id="Test Suites/WorkBenchTestSuite">
      <properties>
         <property name="deviceName" value=""/>
         <property name="devicePlatform" value=""/>
         <property name="logFolder" value="D:\\P&amp;G Updated\\Automation-P&amp;G-Code-Base\\OMVA\\Reports\\WorkBenchTestSuite\\20180726_183905"/>
         <property name="logFiles" value="D:\\P&amp;G Updated\\Automation-P&amp;G-Code-Base\\OMVA\\Reports\\WorkBenchTestSuite\\20180726_183905\\execution0.log"/>
         <property name="attachments" value=""/>
         <property name="hostName" value="703177791 - 703177791GDL.mshome.net"/>
         <property name="os" value="Windows 10 64bit"/>
         <property name="katalonVersion" value="5.4.2.1"/>
         <property name="browser" value="Chrome 67.0.3396.62"/>
         <property name="hostAddress" value="172.24.103.145"/>
         <property name="sessionId" value="0f4b97cfc59b71dc9ba729b023951907"/>
         <property name="seleniumVersion" value="3.7.1"/>
         <property name="proxyInformation" value="ProxyInformation{proxyOption=NO_PROXY, proxyServerType=HTTP, password=, proxyServerAddress=, proxyServerPort=0}"/>
         <property name="platform" value="Windows 10"/>
      </properties>
      <testcase name="Test Cases/WorkBenchTestCases/Verify_MALSKU_MovesToHistory" classname="Test Cases/WorkBenchTestCases/Verify_MALSKU_MovesToHistory" status="PASSED">
         <system-out><![CDATA[2018-07-26 19:00:17 - [TEST_CASE][PASSED] - Test Cases/WorkBenchTestCases/Verify_MALSKU_MovesToHistory: Test Cases/WorkBenchTestCases/Verify_MALSKU_MovesToHistory

2018-07-26 19:00:17 - [TEST_STEP][PASSED] - callTestCase: Call Test Case 'Test Cases/UserManagementTestCases/Login/Login_ChannelMSP' successfully

2018-07-26 19:00:18 - [TEST_CASE][PASSED] - Test Cases/UserManagementTestCases/Login/Login_ChannelMSP: Test Cases/UserManagementTestCases/Login/Login_ChannelMSP

2018-07-26 19:00:18 - [TEST_STEP][PASSED] - callTestCase: Call Test Case 'Test Cases/CommonTestcases/OpenBrowserandNavigateToQAURL' successfully

2018-07-26 19:00:18 - [TEST_CASE][PASSED] - Test Cases/CommonTestcases/OpenBrowserandNavigateToQAURL: Test Cases/CommonTestcases/OpenBrowserandNavigateToQAURL

2018-07-26 19:00:18 - [TEST_STEP][PASSED] - openBrowser: Browser is opened with url: ''

2018-07-26 19:00:22 - [MESSAGE][PASSED] - Browser is opened with url: ''

2018-07-26 19:00:22 - [TEST_STEP][PASSED] - navigateToUrl: Navigate to 'https://coa-demo-env.azurewebsites.net/da/index.html#/login' successfully

2018-07-26 19:00:36 - [MESSAGE][PASSED] - Navigate to 'https://coa-demo-env.azurewebsites.net/da/index.html#/login' successfully

2018-07-26 19:00:36 - [TEST_STEP][PASSED] - maximizeWindow: Current window maximized

2018-07-26 19:00:37 - [MESSAGE][PASSED] - Current window maximized

2018-07-26 19:00:37 - [MESSAGE][PASSED] - Call Test Case 'Test Cases/CommonTestcases/OpenBrowserandNavigateToQAURL' successfully

2018-07-26 19:00:37 - [TEST_STEP][PASSED] - waitForElementVisible: Object 'Object Repository/OMVA_Login_Page/Password_Textbox' is not visible after 10 second(s)

2018-07-26 19:00:47 - [MESSAGE][WARNING] - Object 'Object Repository/OMVA_Login_Page/Password_Textbox' is not visible after 10 second(s)

2018-07-26 19:00:47 - [TEST_STEP][PASSED] - sendKeys: Keys 'nicole' sent to object: 'Object Repository/OMVA_Login_Page/Username_Textbox'

2018-07-26 19:00:48 - [MESSAGE][PASSED] - Keys 'nicole' sent to object: 'Object Repository/OMVA_Login_Page/Username_Textbox'

2018-07-26 19:00:48 - [TEST_STEP][PASSED] - click: Object: 'Object Repository/OMVA_Login_Page/Next_Button' is clicked on

2018-07-26 19:00:48 - [MESSAGE][PASSED] - Object: 'Object Repository/OMVA_Login_Page/Next_Button' is clicked on

2018-07-26 19:00:48 - [TEST_STEP][PASSED] - waitForElementVisible: Object 'Object Repository/OMVA_Login_Page/Password_Textbox' is visible

2018-07-26 19:00:48 - [MESSAGE][PASSED] - Object 'Object Repository/OMVA_Login_Page/Password_Textbox' is visible

2018-07-26 19:00:48 - [TEST_STEP][PASSED] - sendKeys: Keys 'nicole' sent to object: 'Object Repository/OMVA_Login_Page/Password_Textbox'

2018-07-26 19:00:49 - [MESSAGE][PASSED] - Keys 'nicole' sent to object: 'Object Repository/OMVA_Login_Page/Password_Textbox'

2018-07-26 19:00:49 - [TEST_STEP][PASSED] - click: Object: 'Object Repository/OMVA_Login_Page/Signin_Button' is clicked on

2018-07-26 19:00:49 - [MESSAGE][PASSED] - Object: 'Object Repository/OMVA_Login_Page/Signin_Button' is clicked on

2018-07-26 19:00:49 - [TEST_STEP][PASSED] - waitForAngularLoad: This page doesn't use Angular.

2018-07-26 19:00:49 - [MESSAGE][WARNING] - This page doesn't use Angular.

2018-07-26 19:00:49 - [TEST_STEP][PASSED] - Statement - greetingtext = com.kms.katalon.core.webui.keyword.WebUiBuiltInKeywords.getText(com.kms.katalon.core.testobject.ObjectRepository.findTestObject(OMVA_Landing_Page/Greeting_Label)): Text of object 'Object Repository/OMVA_Landing_Page/Greeting_Label' is: 'Good Evening, nicole'

2018-07-26 19:00:49 - [MESSAGE][PASSED] - Text of object 'Object Repository/OMVA_Landing_Page/Greeting_Label' is: 'Good Evening, nicole'

2018-07-26 19:00:49 - [TEST_STEP][PASSED] - verifyMatch: Actual text 'Good Evening, nicole' and expected text '\D*nicole' are matched  using regular expression

2018-07-26 19:00:49 - [MESSAGE][PASSED] - Actual text 'Good Evening, nicole' and expected text '\D*nicole' are matched  using regular expression

2018-07-26 19:00:49 - [MESSAGE][PASSED] - Call Test Case 'Test Cases/UserManagementTestCases/Login/Login_ChannelMSP' successfully

2018-07-26 19:00:49 - [TEST_STEP][PASSED] - delay: Delayed 3 second(s)

2018-07-26 19:00:52 - [MESSAGE][PASSED] - Delayed 3 second(s)

2018-07-26 19:00:52 - [TEST_STEP][PASSED] - click: Object: 'Object Repository/OMVA_Summary_Page/Customer_dropdown' is clicked on

2018-07-26 19:00:53 - [MESSAGE][PASSED] - Object: 'Object Repository/OMVA_Summary_Page/Customer_dropdown' is clicked on

2018-07-26 19:00:53 - [TEST_STEP][PASSED] - click: Object: 'Object Repository/OMVA_Summary_Page/Select_puregold' is clicked on

2018-07-26 19:00:53 - [MESSAGE][PASSED] - Object: 'Object Repository/OMVA_Summary_Page/Select_puregold' is clicked on

2018-07-26 19:00:53 - [TEST_STEP][PASSED] - delay: Delayed 5 second(s)

2018-07-26 19:00:58 - [MESSAGE][PASSED] - Delayed 5 second(s)

2018-07-26 19:00:58 - [TEST_STEP][PASSED] - waitForElementPresent: Object 'Object Repository/OMVA_Workbench_Page/1st_SKUMaterial' is present

2018-07-26 19:00:58 - [MESSAGE][WARNING] - Timeout '0' is invalid. Using default page load timeout: '15'

2018-07-26 19:00:58 - [MESSAGE][PASSED] - Object 'Object Repository/OMVA_Workbench_Page/1st_SKUMaterial' is present

2018-07-26 19:00:58 - [TEST_STEP][PASSED] - Statement - SKUID = com.kms.katalon.core.webui.keyword.WebUiBuiltInKeywords.getText(com.kms.katalon.core.testobject.ObjectRepository.findTestObject(OMVA_Workbench_Page/1st_SKUMaterial)): Text of object 'Object Repository/OMVA_Workbench_Page/1st_SKUMaterial' is: '82276850'

2018-07-26 19:00:58 - [MESSAGE][PASSED] - Text of object 'Object Repository/OMVA_Workbench_Page/1st_SKUMaterial' is: '82276850'

2018-07-26 19:00:58 - [TEST_STEP][PASSED] - waitForElementPresent: Object 'Object Repository/OMVA_Workbench_Page/DONE_Btn' is present

2018-07-26 19:00:58 - [MESSAGE][PASSED] - Object 'Object Repository/OMVA_Workbench_Page/DONE_Btn' is present

2018-07-26 19:00:58 - [TEST_STEP][PASSED] - scrollToElement: Scroll to object 'Object Repository/OMVA_Workbench_Page/DONE_Btn' successfully

2018-07-26 19:00:58 - [MESSAGE][PASSED] - Scroll to object 'Object Repository/OMVA_Workbench_Page/DONE_Btn' successfully

2018-07-26 19:00:58 - [TEST_STEP][PASSED] - click: Object: 'Object Repository/OMVA_Workbench_Page/DONE_Btn' is clicked on

2018-07-26 19:00:58 - [MESSAGE][PASSED] - Object: 'Object Repository/OMVA_Workbench_Page/DONE_Btn' is clicked on

2018-07-26 19:00:58 - [TEST_STEP][PASSED] - applicationLibrary.ClicksOn1stBatchof_SKUID_andgetsBatchNo.ClickOnSKUInprogressBatch: applicationLibrary.ClicksOn1stBatchof_SKUID_andgetsBatchNo.ClickOnSKUInprogressBatch is PASSED

2018-07-26 19:01:03 - [MESSAGE][PASSED] - applicationLibrary.ClicksOn1stBatchof_SKUID_andgetsBatchNo.ClickOnSKUInprogressBatch is PASSED

2018-07-26 19:01:03 - [TEST_STEP][PASSED] - delay: Delayed 3 second(s)

2018-07-26 19:01:06 - [MESSAGE][PASSED] - Delayed 3 second(s)

2018-07-26 19:01:06 - [TEST_STEP][PASSED] - waitForElementPresent: Object 'Object Repository/OMVA_Workbench_Page/Notify_Btn' is present

2018-07-26 19:01:06 - [MESSAGE][PASSED] - Object 'Object Repository/OMVA_Workbench_Page/Notify_Btn' is present

2018-07-26 19:01:06 - [TEST_STEP][PASSED] - click: Object: 'Object Repository/OMVA_Workbench_Page/Notify_Btn' is clicked on

2018-07-26 19:01:07 - [MESSAGE][PASSED] - Object: 'Object Repository/OMVA_Workbench_Page/Notify_Btn' is clicked on

2018-07-26 19:01:07 - [TEST_STEP][PASSED] - delay: Delayed 5 second(s)

2018-07-26 19:01:12 - [MESSAGE][PASSED] - Delayed 5 second(s)

2018-07-26 19:01:12 - [TEST_STEP][PASSED] - waitForElementPresent: Object 'Object Repository/OMVA_Workbench_Page/ActionTaken_HeaderTxt' is present

2018-07-26 19:01:12 - [MESSAGE][PASSED] - Object 'Object Repository/OMVA_Workbench_Page/ActionTaken_HeaderTxt' is present

2018-07-26 19:01:12 - [TEST_STEP][PASSED] - Statement - ActionTakenHTxt = com.kms.katalon.core.webui.keyword.WebUiBuiltInKeywords.getText(com.kms.katalon.core.testobject.ObjectRepository.findTestObject(OMVA_Workbench_Page/ActionTaken_HeaderTxt)): Text of object 'Object Repository/OMVA_Workbench_Page/ActionTaken_HeaderTxt' is: 'Action Taken'

2018-07-26 19:01:12 - [MESSAGE][PASSED] - Text of object 'Object Repository/OMVA_Workbench_Page/ActionTaken_HeaderTxt' is: 'Action Taken'

2018-07-26 19:01:12 - [TEST_STEP][PASSED] - Statement - ActionTakenCTxt = com.kms.katalon.core.webui.keyword.WebUiBuiltInKeywords.getText(com.kms.katalon.core.testobject.ObjectRepository.findTestObject(OMVA_Workbench_Page/ActionTaken_ContenetTxt)): Text of object 'Object Repository/OMVA_Workbench_Page/ActionTaken_ContenetTxt' is: 'Email has been triggered to SMO stakeholders to update allocations in SAP.'

2018-07-26 19:01:12 - [MESSAGE][PASSED] - Text of object 'Object Repository/OMVA_Workbench_Page/ActionTaken_ContenetTxt' is: 'Email has been triggered to SMO stakeholders to update allocations in SAP.'

2018-07-26 19:01:12 - [TEST_STEP][PASSED] - verifyMatch: Actual text 'Action Taken' and expected text 'Action Taken' are matched  using regular expression

2018-07-26 19:01:12 - [MESSAGE][PASSED] - Actual text 'Action Taken' and expected text 'Action Taken' are matched  using regular expression

2018-07-26 19:01:12 - [TEST_STEP][PASSED] - click: Object: 'Object Repository/OMVA_Workbench_Page/ActionTaken_CrossBtn' is clicked on

2018-07-26 19:01:12 - [MESSAGE][PASSED] - Object: 'Object Repository/OMVA_Workbench_Page/ActionTaken_CrossBtn' is clicked on

2018-07-26 19:01:12 - [TEST_STEP][PASSED] - verifyMatch: Actual text 'Email has been triggered to SMO stakeholders to update allocations in SAP.' and expected text 'Email has been triggered to SMO stakeholders to update allocations in SAP.' are matched  using regular expression

2018-07-26 19:01:12 - [MESSAGE][PASSED] - Actual text 'Email has been triggered to SMO stakeholders to update allocations in SAP.' and expected text 'Email has been triggered to SMO stakeholders to update allocations in SAP.' are matched  using regular expression

2018-07-26 19:01:12 - [TEST_STEP][PASSED] - delay: Delayed 5 second(s)

2018-07-26 19:01:17 - [MESSAGE][PASSED] - Delayed 5 second(s)

2018-07-26 19:01:17 - [TEST_STEP][PASSED] - waitForElementPresent: Object 'Object Repository/OMVA_Landing_Page/History_Logo' is present

2018-07-26 19:01:17 - [MESSAGE][PASSED] - Object 'Object Repository/OMVA_Landing_Page/History_Logo' is present

2018-07-26 19:01:17 - [TEST_STEP][PASSED] - click: Object: 'Object Repository/OMVA_Landing_Page/History_Logo' is clicked on

2018-07-26 19:01:17 - [MESSAGE][PASSED] - Object: 'Object Repository/OMVA_Landing_Page/History_Logo' is clicked on

2018-07-26 19:01:17 - [TEST_STEP][PASSED] - delay: Delayed 5 second(s)

2018-07-26 19:01:22 - [MESSAGE][PASSED] - Delayed 5 second(s)

2018-07-26 19:01:22 - [TEST_STEP][PASSED] - waitForElementPresent: Object 'Object Repository/OMVA_Summary_Page/Customer_dropdown' is present

2018-07-26 19:01:22 - [MESSAGE][PASSED] - Object 'Object Repository/OMVA_Summary_Page/Customer_dropdown' is present

2018-07-26 19:01:22 - [TEST_STEP][PASSED] - click: Object: 'Object Repository/OMVA_Summary_Page/Customer_dropdown' is clicked on

2018-07-26 19:01:23 - [MESSAGE][PASSED] - Object: 'Object Repository/OMVA_Summary_Page/Customer_dropdown' is clicked on

2018-07-26 19:01:23 - [TEST_STEP][PASSED] - waitForElementPresent: Object 'Object Repository/OMVA_Summary_Page/Select_puregold' is present

2018-07-26 19:01:23 - [MESSAGE][PASSED] - Object 'Object Repository/OMVA_Summary_Page/Select_puregold' is present

2018-07-26 19:01:23 - [TEST_STEP][PASSED] - click: Object: 'Object Repository/OMVA_Summary_Page/Select_puregold' is clicked on

2018-07-26 19:01:23 - [MESSAGE][PASSED] - Object: 'Object Repository/OMVA_Summary_Page/Select_puregold' is clicked on

2018-07-26 19:01:23 - [TEST_STEP][PASSED] - delay: Delayed 3 second(s)

2018-07-26 19:01:26 - [MESSAGE][PASSED] - Delayed 3 second(s)

2018-07-26 19:01:26 - [TEST_STEP][PASSED] - verifyElementPresent: Object 'Object Repository/OMVA_Landing_Page/Search_icon' is present

2018-07-26 19:01:26 - [MESSAGE][PASSED] - Object 'Object Repository/OMVA_Landing_Page/Search_icon' is present

2018-07-26 19:01:26 - [TEST_STEP][PASSED] - click: Object: 'Object Repository/OMVA_Landing_Page/Search_icon' is clicked on

2018-07-26 19:01:26 - [MESSAGE][PASSED] - Object: 'Object Repository/OMVA_Landing_Page/Search_icon' is clicked on

2018-07-26 19:01:26 - [TEST_STEP][PASSED] - waitForElementPresent: Object 'Object Repository/OMVA_Landing_Page/Type_Here' is present

2018-07-26 19:01:26 - [MESSAGE][WARNING] - Timeout '0' is invalid. Using default page load timeout: '15'

2018-07-26 19:01:26 - [MESSAGE][PASSED] - Object 'Object Repository/OMVA_Landing_Page/Type_Here' is present

2018-07-26 19:01:26 - [TEST_STEP][PASSED] - sendKeys: Keys '82276850' sent to object: 'Object Repository/OMVA_Landing_Page/Type_Here'

2018-07-26 19:01:26 - [MESSAGE][PASSED] - Keys '82276850' sent to object: 'Object Repository/OMVA_Landing_Page/Type_Here'

2018-07-26 19:01:26 - [TEST_STEP][PASSED] - delay: Delayed 3 second(s)

2018-07-26 19:01:29 - [MESSAGE][PASSED] - Delayed 3 second(s)

2018-07-26 19:01:29 - [TEST_STEP][PASSED] - Statement - searchedsku = com.kms.katalon.core.webui.keyword.WebUiBuiltInKeywords.getText(com.kms.katalon.core.testobject.ObjectRepository.findTestObject(OMVA_Workbench_Page/1st_SKUMaterial)): Text of object 'Object Repository/OMVA_Workbench_Page/1st_SKUMaterial' is: '82276850'

2018-07-26 19:01:29 - [MESSAGE][PASSED] - Text of object 'Object Repository/OMVA_Workbench_Page/1st_SKUMaterial' is: '82276850'

2018-07-26 19:01:29 - [TEST_STEP][NOT_RUN] - applicationLibrary.Checks_SelectedBatchIsDisplayedInHistory.ChecksBatchIsDisplayedInHistory: NOT_RUN: applicationLibrary.Checks_SelectedBatchIsDisplayedInHistory.ChecksBatchIsDisplayedInHistory

2018-07-26 19:01:29 - [MESSAGE][NOT_RUN] - NOT_RUN: applicationLibrary.Checks_SelectedBatchIsDisplayedInHistory.ChecksBatchIsDisplayedInHistory

2018-07-26 19:01:29 - [TEST_STEP][PASSED] - verifyMatch: Actual text '82276850' and expected text '82276850' are matched 

2018-07-26 19:01:29 - [MESSAGE][PASSED] - Actual text '82276850' and expected text '82276850' are matched 

2018-07-26 19:01:29 - [TEST_STEP][PASSED] - closeBrowser: Browser is closed

2018-07-26 19:01:30 - [MESSAGE][PASSED] - Browser is closed]]></system-out>
         <system-err><![CDATA[]]></system-err>
      </testcase>
      <system-out><![CDATA[2018-07-26 19:00:12 - [TEST_SUITE][PASSED] - WorkBenchTestSuite: Test Cases/WorkBenchTestCases/Verify_MALSKU_MovesToHistory]]></system-out>
      <system-err><![CDATA[]]></system-err>
   </testsuite>
</testsuites>
