<?xml version="1.0" encoding="UTF-8"?>
<testsuites name="UserManagementTestSuite" time="29" tests="1" failures="0" errors="0">
   <testsuite name="UserManagementTestSuite" tests="1" failures="0" errors="0" time="29" timestamp="2018-07-18 17:29:57" hostname="703177791 - 703177791GDL.IND.CORP.AD" id="Test Suites/UserManagementTestSuite">
      <properties>
         <property name="deviceName" value=""/>
         <property name="devicePlatform" value=""/>
         <property name="logFolder" value="D:\\P&amp;G New\\Automation-P&amp;G-Code-Base\\OMVA\\Reports\\UserManagementTestSuite\\20180718_172133"/>
         <property name="logFiles" value="D:\\P&amp;G New\\Automation-P&amp;G-Code-Base\\OMVA\\Reports\\UserManagementTestSuite\\20180718_172133\\execution0.log"/>
         <property name="attachments" value=""/>
         <property name="hostName" value="703177791 - 703177791GDL.IND.CORP.AD"/>
         <property name="os" value="Windows 10 64bit"/>
         <property name="katalonVersion" value="5.4.2.1"/>
         <property name="browser" value="Chrome 67.0.3396.62"/>
         <property name="hostAddress" value="172.16.21.232"/>
         <property name="sessionId" value="30d583188df7b1addfe04fda867b33b2"/>
         <property name="seleniumVersion" value="3.7.1"/>
         <property name="proxyInformation" value="ProxyInformation{proxyOption=NO_PROXY, proxyServerType=HTTP, password=, proxyServerAddress=, proxyServerPort=0}"/>
         <property name="platform" value="Windows 10"/>
      </properties>
      <testcase name="Test Cases/UserManagementTestCases/Login/Invalid_Login" classname="Test Cases/UserManagementTestCases/Login/Invalid_Login" status="PASSED">
         <system-out><![CDATA[2018-07-18 17:30:01 - [TEST_CASE][PASSED] - Test Cases/UserManagementTestCases/Login/Invalid_Login: Test Cases/UserManagementTestCases/Login/Invalid_Login

2018-07-18 17:30:02 - [TEST_STEP][PASSED] - callTestCase: Call Test Case 'Test Cases/CommonTestcases/OpenBrowserandNavigateToQAURL' successfully

2018-07-18 17:30:02 - [TEST_CASE][PASSED] - Test Cases/CommonTestcases/OpenBrowserandNavigateToQAURL: Test Cases/CommonTestcases/OpenBrowserandNavigateToQAURL

2018-07-18 17:30:03 - [TEST_STEP][PASSED] - openBrowser: Browser is opened with url: ''

2018-07-18 17:30:06 - [MESSAGE][PASSED] - Browser is opened with url: ''

2018-07-18 17:30:06 - [TEST_STEP][PASSED] - navigateToUrl: Navigate to 'https://coa-demo-env.azurewebsites.net/da/index.html#/login' successfully

2018-07-18 17:30:19 - [MESSAGE][PASSED] - Navigate to 'https://coa-demo-env.azurewebsites.net/da/index.html#/login' successfully

2018-07-18 17:30:19 - [TEST_STEP][PASSED] - maximizeWindow: Current window maximized

2018-07-18 17:30:20 - [MESSAGE][PASSED] - Current window maximized

2018-07-18 17:30:20 - [MESSAGE][PASSED] - Call Test Case 'Test Cases/CommonTestcases/OpenBrowserandNavigateToQAURL' successfully

2018-07-18 17:30:20 - [TEST_STEP][PASSED] - waitForElementVisible: Object 'Object Repository/OMVA_Login_Page/Username_Textbox' is visible

2018-07-18 17:30:20 - [MESSAGE][PASSED] - Object 'Object Repository/OMVA_Login_Page/Username_Textbox' is visible

2018-07-18 17:30:20 - [TEST_STEP][PASSED] - sendKeys: Keys 'asdf' sent to object: 'Object Repository/OMVA_Login_Page/Username_Textbox'

2018-07-18 17:30:20 - [MESSAGE][PASSED] - Keys 'asdf' sent to object: 'Object Repository/OMVA_Login_Page/Username_Textbox'

2018-07-18 17:30:20 - [TEST_STEP][PASSED] - click: Object: 'Object Repository/OMVA_Login_Page/Next_Button' is clicked on

2018-07-18 17:30:20 - [MESSAGE][PASSED] - Object: 'Object Repository/OMVA_Login_Page/Next_Button' is clicked on

2018-07-18 17:30:20 - [TEST_STEP][PASSED] - Statement - If (true): null

2018-07-18 17:30:20 - [TEST_STEP][PASSED] - waitForElementVisible: Object 'Object Repository/OMVA_Login_Page/Password_Textbox' is visible

2018-07-18 17:30:20 - [MESSAGE][PASSED] - Object 'Object Repository/OMVA_Login_Page/Password_Textbox' is visible

2018-07-18 17:30:20 - [TEST_STEP][PASSED] - Statement - assert true: null

2018-07-18 17:30:20 - [TEST_STEP][PASSED] - sendKeys: Keys 'qwerty' sent to object: 'Object Repository/OMVA_Login_Page/Password_Textbox'

2018-07-18 17:30:21 - [MESSAGE][PASSED] - Keys 'qwerty' sent to object: 'Object Repository/OMVA_Login_Page/Password_Textbox'

2018-07-18 17:30:21 - [TEST_STEP][PASSED] - click: Object: 'Object Repository/OMVA_Login_Page/Signin_Button' is clicked on

2018-07-18 17:30:21 - [MESSAGE][PASSED] - Object: 'Object Repository/OMVA_Login_Page/Signin_Button' is clicked on

2018-07-18 17:30:21 - [TEST_STEP][PASSED] - Statement - AHeaderTxt = com.kms.katalon.core.webui.keyword.WebUiBuiltInKeywords.getText(com.kms.katalon.core.testobject.ObjectRepository.findTestObject(OMVA_Login_Page/InvalidLogin_HeaderTxt)): Text of object 'Object Repository/OMVA_Login_Page/InvalidLogin_HeaderTxt' is: 'Invalid Credentials'

2018-07-18 17:30:21 - [MESSAGE][PASSED] - Text of object 'Object Repository/OMVA_Login_Page/InvalidLogin_HeaderTxt' is: 'Invalid Credentials'

2018-07-18 17:30:21 - [TEST_STEP][PASSED] - verifyMatch: Actual text 'Invalid Credentials' and expected text 'Invalid Credentials' are matched  using regular expression

2018-07-18 17:30:22 - [MESSAGE][PASSED] - Actual text 'Invalid Credentials' and expected text 'Invalid Credentials' are matched  using regular expression

2018-07-18 17:30:22 - [TEST_STEP][PASSED] - Statement - AContentTxt = com.kms.katalon.core.webui.keyword.WebUiBuiltInKeywords.getText(com.kms.katalon.core.testobject.ObjectRepository.findTestObject(OMVA_Login_Page/InvalidLogin_ContentTxt)): Text of object 'Object Repository/OMVA_Login_Page/InvalidLogin_ContentTxt' is: 'The specified username / password is invalid. Please try again.'

2018-07-18 17:30:22 - [MESSAGE][PASSED] - Text of object 'Object Repository/OMVA_Login_Page/InvalidLogin_ContentTxt' is: 'The specified username / password is invalid. Please try again.'

2018-07-18 17:30:22 - [TEST_STEP][PASSED] - verifyMatch: Actual text 'The specified username / password is invalid. Please try again.' and expected text 'The specified username / password is invalid. Please try again.' are matched  using regular expression

2018-07-18 17:30:22 - [MESSAGE][PASSED] - Actual text 'The specified username / password is invalid. Please try again.' and expected text 'The specified username / password is invalid. Please try again.' are matched  using regular expression

2018-07-18 17:30:22 - [TEST_STEP][PASSED] - waitForElementVisible: Object 'Object Repository/OMVA_Login_Page/InvalidLogin_OKbtn' is visible

2018-07-18 17:30:22 - [MESSAGE][PASSED] - Object 'Object Repository/OMVA_Login_Page/InvalidLogin_OKbtn' is visible

2018-07-18 17:30:22 - [TEST_STEP][PASSED] - Statement - assert true: null

2018-07-18 17:30:22 - [TEST_STEP][PASSED] - click: Object: 'Object Repository/OMVA_Login_Page/InvalidLogin_OKbtn' is clicked on

2018-07-18 17:30:22 - [MESSAGE][PASSED] - Object: 'Object Repository/OMVA_Login_Page/InvalidLogin_OKbtn' is clicked on

2018-07-18 17:30:22 - [TEST_STEP][PASSED] - closeBrowser: Browser is closed

2018-07-18 17:30:23 - [MESSAGE][PASSED] - Browser is closed]]></system-out>
         <system-err><![CDATA[]]></system-err>
      </testcase>
      <system-out><![CDATA[2018-07-18 17:29:57 - [TEST_SUITE][PASSED] - UserManagementTestSuite: Test Cases/UserManagementTestCases/Login/Invalid_Login]]></system-out>
      <system-err><![CDATA[]]></system-err>
   </testsuite>
</testsuites>
