<?xml version="1.0" encoding="UTF-8"?>
<testsuites name="UserManagementTestSuite" time="104" tests="2" failures="0" errors="0">
   <testsuite name="UserManagementTestSuite" tests="2" failures="0" errors="0" time="104" timestamp="2018-07-16 13:33:29" hostname="703177791 - 703177791GDL.IND.CORP.AD" id="Test Suites/UserManagementTestSuite">
      <properties>
         <property name="deviceName" value=""/>
         <property name="devicePlatform" value=""/>
         <property name="logFolder" value="D:\\P&amp;G New\\Automation-P&amp;G-Code-Base\\OMVA\\Reports\\UserManagementTestSuite\\20180716_132216"/>
         <property name="logFiles" value="D:\\P&amp;G New\\Automation-P&amp;G-Code-Base\\OMVA\\Reports\\UserManagementTestSuite\\20180716_132216\\execution0.log"/>
         <property name="attachments" value=""/>
         <property name="hostName" value="703177791 - 703177791GDL.IND.CORP.AD"/>
         <property name="os" value="Windows 10 64bit"/>
         <property name="katalonVersion" value="5.4.2.1"/>
         <property name="browser" value="Chrome 67.0.3396.62"/>
         <property name="hostAddress" value="192.168.34.59"/>
         <property name="sessionId" value="793cb4ebf825a29f154137b8e9863101"/>
         <property name="seleniumVersion" value="3.7.1"/>
         <property name="proxyInformation" value="ProxyInformation{proxyOption=NO_PROXY, proxyServerType=HTTP, password=, proxyServerAddress=, proxyServerPort=0}"/>
         <property name="platform" value="Windows 10"/>
      </properties>
      <testcase name="Test Cases/UserManagementTestCases/UserActions/LockUser" classname="Test Cases/UserManagementTestCases/UserActions/LockUser" status="PASSED">
         <system-out><![CDATA[2018-07-16 13:33:30 - [TEST_CASE][PASSED] - Test Cases/UserManagementTestCases/UserActions/LockUser: Test Cases/UserManagementTestCases/UserActions/LockUser

2018-07-16 13:33:30 - [TEST_STEP][PASSED] - callTestCase: Call Test Case 'Test Cases/UserManagementTestCases/Login/Invalid_Login' successfully

2018-07-16 13:33:32 - [TEST_CASE][PASSED] - Test Cases/UserManagementTestCases/Login/Invalid_Login: Test Cases/UserManagementTestCases/Login/Invalid_Login

2018-07-16 13:33:32 - [TEST_STEP][PASSED] - callTestCase: Call Test Case 'Test Cases/CommonTestcases/OpenBrowserandNavigateToQAURL' successfully

2018-07-16 13:33:32 - [TEST_CASE][PASSED] - Test Cases/CommonTestcases/OpenBrowserandNavigateToQAURL: Test Cases/CommonTestcases/OpenBrowserandNavigateToQAURL

2018-07-16 13:33:33 - [TEST_STEP][PASSED] - openBrowser: Browser is opened with url: ''

2018-07-16 13:33:36 - [MESSAGE][PASSED] - Browser is opened with url: ''

2018-07-16 13:33:36 - [TEST_STEP][PASSED] - navigateToUrl: Navigate to 'https://coa-demo-env.azurewebsites.net/da/index.html#/login' successfully

2018-07-16 13:33:42 - [MESSAGE][PASSED] - Navigate to 'https://coa-demo-env.azurewebsites.net/da/index.html#/login' successfully

2018-07-16 13:33:42 - [TEST_STEP][PASSED] - maximizeWindow: Current window maximized

2018-07-16 13:33:43 - [MESSAGE][PASSED] - Current window maximized

2018-07-16 13:33:43 - [MESSAGE][PASSED] - Call Test Case 'Test Cases/CommonTestcases/OpenBrowserandNavigateToQAURL' successfully

2018-07-16 13:33:43 - [TEST_STEP][PASSED] - waitForElementVisible: Object 'Object Repository/OMVA_Login_Page/Username_Textbox' is visible

2018-07-16 13:33:43 - [MESSAGE][PASSED] - Object 'Object Repository/OMVA_Login_Page/Username_Textbox' is visible

2018-07-16 13:33:43 - [TEST_STEP][PASSED] - sendKeys: Keys 'Lock' sent to object: 'Object Repository/OMVA_Login_Page/Username_Textbox'

2018-07-16 13:33:43 - [MESSAGE][PASSED] - Keys 'Lock' sent to object: 'Object Repository/OMVA_Login_Page/Username_Textbox'

2018-07-16 13:33:43 - [TEST_STEP][PASSED] - click: Object: 'Object Repository/OMVA_Login_Page/Next_Button' is clicked on

2018-07-16 13:33:43 - [MESSAGE][PASSED] - Object: 'Object Repository/OMVA_Login_Page/Next_Button' is clicked on

2018-07-16 13:33:43 - [TEST_STEP][PASSED] - Statement - If (true): null

2018-07-16 13:33:43 - [TEST_STEP][PASSED] - waitForElementVisible: Object 'Object Repository/OMVA_Login_Page/Password_Textbox' is visible

2018-07-16 13:33:44 - [MESSAGE][PASSED] - Object 'Object Repository/OMVA_Login_Page/Password_Textbox' is visible

2018-07-16 13:33:44 - [TEST_STEP][PASSED] - Statement - assert true: null

2018-07-16 13:33:44 - [TEST_STEP][PASSED] - sendKeys: Keys 'Pwd' sent to object: 'Object Repository/OMVA_Login_Page/Password_Textbox'

2018-07-16 13:33:44 - [MESSAGE][PASSED] - Keys 'Pwd' sent to object: 'Object Repository/OMVA_Login_Page/Password_Textbox'

2018-07-16 13:33:44 - [TEST_STEP][PASSED] - click: Object: 'Object Repository/OMVA_Login_Page/Signin_Button' is clicked on

2018-07-16 13:33:44 - [MESSAGE][PASSED] - Object: 'Object Repository/OMVA_Login_Page/Signin_Button' is clicked on

2018-07-16 13:33:44 - [TEST_STEP][PASSED] - Statement - AHeaderTxt = com.kms.katalon.core.webui.keyword.WebUiBuiltInKeywords.getText(com.kms.katalon.core.testobject.ObjectRepository.findTestObject(OMVA_Login_Page/InvalidLogin_HeaderTxt)): Text of object 'Object Repository/OMVA_Login_Page/InvalidLogin_HeaderTxt' is: 'Invalid Credentials'

2018-07-16 13:33:45 - [MESSAGE][PASSED] - Text of object 'Object Repository/OMVA_Login_Page/InvalidLogin_HeaderTxt' is: 'Invalid Credentials'

2018-07-16 13:33:45 - [TEST_STEP][PASSED] - verifyMatch: Actual text 'Invalid Credentials' and expected text 'Invalid Credentials' are matched  using regular expression

2018-07-16 13:33:45 - [MESSAGE][PASSED] - Actual text 'Invalid Credentials' and expected text 'Invalid Credentials' are matched  using regular expression

2018-07-16 13:33:45 - [TEST_STEP][PASSED] - Statement - AContentTxt = com.kms.katalon.core.webui.keyword.WebUiBuiltInKeywords.getText(com.kms.katalon.core.testobject.ObjectRepository.findTestObject(OMVA_Login_Page/InvalidLogin_ContentTxt)): Text of object 'Object Repository/OMVA_Login_Page/InvalidLogin_ContentTxt' is: 'The specified username / password is invalid. Please try again.'

2018-07-16 13:33:45 - [MESSAGE][PASSED] - Text of object 'Object Repository/OMVA_Login_Page/InvalidLogin_ContentTxt' is: 'The specified username / password is invalid. Please try again.'

2018-07-16 13:33:45 - [TEST_STEP][PASSED] - verifyMatch: Actual text 'The specified username / password is invalid. Please try again.' and expected text 'The specified username / password is invalid. Please try again.' are matched  using regular expression

2018-07-16 13:33:45 - [MESSAGE][PASSED] - Actual text 'The specified username / password is invalid. Please try again.' and expected text 'The specified username / password is invalid. Please try again.' are matched  using regular expression

2018-07-16 13:33:45 - [TEST_STEP][PASSED] - waitForElementVisible: Object 'Object Repository/OMVA_Login_Page/InvalidLogin_OKbtn' is visible

2018-07-16 13:33:45 - [MESSAGE][PASSED] - Object 'Object Repository/OMVA_Login_Page/InvalidLogin_OKbtn' is visible

2018-07-16 13:33:45 - [TEST_STEP][PASSED] - Statement - assert true: null

2018-07-16 13:33:45 - [TEST_STEP][PASSED] - click: Object: 'Object Repository/OMVA_Login_Page/InvalidLogin_OKbtn' is clicked on

2018-07-16 13:33:46 - [MESSAGE][PASSED] - Object: 'Object Repository/OMVA_Login_Page/InvalidLogin_OKbtn' is clicked on

2018-07-16 13:33:46 - [TEST_STEP][PASSED] - closeBrowser: Browser is closed

2018-07-16 13:33:46 - [MESSAGE][PASSED] - Browser is closed

2018-07-16 13:33:47 - [MESSAGE][PASSED] - Call Test Case 'Test Cases/UserManagementTestCases/Login/Invalid_Login' successfully

2018-07-16 13:33:47 - [TEST_STEP][PASSED] - callTestCase: Call Test Case 'Test Cases/UserManagementTestCases/Login/Invalid_Login' successfully

2018-07-16 13:33:47 - [TEST_CASE][PASSED] - Test Cases/UserManagementTestCases/Login/Invalid_Login: Test Cases/UserManagementTestCases/Login/Invalid_Login

2018-07-16 13:33:47 - [TEST_STEP][PASSED] - callTestCase: Call Test Case 'Test Cases/CommonTestcases/OpenBrowserandNavigateToQAURL' successfully

2018-07-16 13:33:47 - [TEST_CASE][PASSED] - Test Cases/CommonTestcases/OpenBrowserandNavigateToQAURL: Test Cases/CommonTestcases/OpenBrowserandNavigateToQAURL

2018-07-16 13:33:47 - [TEST_STEP][PASSED] - openBrowser: Browser is opened with url: ''

2018-07-16 13:33:49 - [MESSAGE][PASSED] - Browser is opened with url: ''

2018-07-16 13:33:49 - [TEST_STEP][PASSED] - navigateToUrl: Navigate to 'https://coa-demo-env.azurewebsites.net/da/index.html#/login' successfully

2018-07-16 13:33:55 - [MESSAGE][PASSED] - Navigate to 'https://coa-demo-env.azurewebsites.net/da/index.html#/login' successfully

2018-07-16 13:33:55 - [TEST_STEP][PASSED] - maximizeWindow: Current window maximized

2018-07-16 13:33:56 - [MESSAGE][PASSED] - Current window maximized

2018-07-16 13:33:56 - [MESSAGE][PASSED] - Call Test Case 'Test Cases/CommonTestcases/OpenBrowserandNavigateToQAURL' successfully

2018-07-16 13:33:56 - [TEST_STEP][PASSED] - waitForElementVisible: Object 'Object Repository/OMVA_Login_Page/Username_Textbox' is visible

2018-07-16 13:33:57 - [MESSAGE][PASSED] - Object 'Object Repository/OMVA_Login_Page/Username_Textbox' is visible

2018-07-16 13:33:57 - [TEST_STEP][PASSED] - sendKeys: Keys 'Lock' sent to object: 'Object Repository/OMVA_Login_Page/Username_Textbox'

2018-07-16 13:33:57 - [MESSAGE][PASSED] - Keys 'Lock' sent to object: 'Object Repository/OMVA_Login_Page/Username_Textbox'

2018-07-16 13:33:57 - [TEST_STEP][PASSED] - click: Object: 'Object Repository/OMVA_Login_Page/Next_Button' is clicked on

2018-07-16 13:33:57 - [MESSAGE][PASSED] - Object: 'Object Repository/OMVA_Login_Page/Next_Button' is clicked on

2018-07-16 13:33:57 - [TEST_STEP][PASSED] - Statement - If (true): null

2018-07-16 13:33:57 - [TEST_STEP][PASSED] - waitForElementVisible: Object 'Object Repository/OMVA_Login_Page/Password_Textbox' is visible

2018-07-16 13:33:57 - [MESSAGE][PASSED] - Object 'Object Repository/OMVA_Login_Page/Password_Textbox' is visible

2018-07-16 13:33:57 - [TEST_STEP][PASSED] - Statement - assert true: null

2018-07-16 13:33:57 - [TEST_STEP][PASSED] - sendKeys: Keys 'Pwd' sent to object: 'Object Repository/OMVA_Login_Page/Password_Textbox'

2018-07-16 13:33:57 - [MESSAGE][PASSED] - Keys 'Pwd' sent to object: 'Object Repository/OMVA_Login_Page/Password_Textbox'

2018-07-16 13:33:57 - [TEST_STEP][PASSED] - click: Object: 'Object Repository/OMVA_Login_Page/Signin_Button' is clicked on

2018-07-16 13:33:57 - [MESSAGE][PASSED] - Object: 'Object Repository/OMVA_Login_Page/Signin_Button' is clicked on

2018-07-16 13:33:57 - [TEST_STEP][PASSED] - Statement - AHeaderTxt = com.kms.katalon.core.webui.keyword.WebUiBuiltInKeywords.getText(com.kms.katalon.core.testobject.ObjectRepository.findTestObject(OMVA_Login_Page/InvalidLogin_HeaderTxt)): Text of object 'Object Repository/OMVA_Login_Page/InvalidLogin_HeaderTxt' is: 'Invalid Credentials'

2018-07-16 13:33:58 - [MESSAGE][PASSED] - Text of object 'Object Repository/OMVA_Login_Page/InvalidLogin_HeaderTxt' is: 'Invalid Credentials'

2018-07-16 13:33:58 - [TEST_STEP][PASSED] - verifyMatch: Actual text 'Invalid Credentials' and expected text 'Invalid Credentials' are matched  using regular expression

2018-07-16 13:33:58 - [MESSAGE][PASSED] - Actual text 'Invalid Credentials' and expected text 'Invalid Credentials' are matched  using regular expression

2018-07-16 13:33:58 - [TEST_STEP][PASSED] - Statement - AContentTxt = com.kms.katalon.core.webui.keyword.WebUiBuiltInKeywords.getText(com.kms.katalon.core.testobject.ObjectRepository.findTestObject(OMVA_Login_Page/InvalidLogin_ContentTxt)): Text of object 'Object Repository/OMVA_Login_Page/InvalidLogin_ContentTxt' is: 'The specified username / password is invalid. Please try again.'

2018-07-16 13:33:58 - [MESSAGE][PASSED] - Text of object 'Object Repository/OMVA_Login_Page/InvalidLogin_ContentTxt' is: 'The specified username / password is invalid. Please try again.'

2018-07-16 13:33:58 - [TEST_STEP][PASSED] - verifyMatch: Actual text 'The specified username / password is invalid. Please try again.' and expected text 'The specified username / password is invalid. Please try again.' are matched  using regular expression

2018-07-16 13:33:58 - [MESSAGE][PASSED] - Actual text 'The specified username / password is invalid. Please try again.' and expected text 'The specified username / password is invalid. Please try again.' are matched  using regular expression

2018-07-16 13:33:58 - [TEST_STEP][PASSED] - waitForElementVisible: Object 'Object Repository/OMVA_Login_Page/InvalidLogin_OKbtn' is visible

2018-07-16 13:33:59 - [MESSAGE][PASSED] - Object 'Object Repository/OMVA_Login_Page/InvalidLogin_OKbtn' is visible

2018-07-16 13:33:59 - [TEST_STEP][PASSED] - Statement - assert true: null

2018-07-16 13:33:59 - [TEST_STEP][PASSED] - click: Object: 'Object Repository/OMVA_Login_Page/InvalidLogin_OKbtn' is clicked on

2018-07-16 13:33:59 - [MESSAGE][PASSED] - Object: 'Object Repository/OMVA_Login_Page/InvalidLogin_OKbtn' is clicked on

2018-07-16 13:33:59 - [TEST_STEP][PASSED] - closeBrowser: Browser is closed

2018-07-16 13:33:59 - [MESSAGE][PASSED] - Browser is closed

2018-07-16 13:33:59 - [MESSAGE][PASSED] - Call Test Case 'Test Cases/UserManagementTestCases/Login/Invalid_Login' successfully

2018-07-16 13:33:59 - [TEST_STEP][PASSED] - callTestCase: Call Test Case 'Test Cases/UserManagementTestCases/Login/Invalid_Login' successfully

2018-07-16 13:34:00 - [TEST_CASE][PASSED] - Test Cases/UserManagementTestCases/Login/Invalid_Login: Test Cases/UserManagementTestCases/Login/Invalid_Login

2018-07-16 13:34:00 - [TEST_STEP][PASSED] - callTestCase: Call Test Case 'Test Cases/CommonTestcases/OpenBrowserandNavigateToQAURL' successfully

2018-07-16 13:34:00 - [TEST_CASE][PASSED] - Test Cases/CommonTestcases/OpenBrowserandNavigateToQAURL: Test Cases/CommonTestcases/OpenBrowserandNavigateToQAURL

2018-07-16 13:34:00 - [TEST_STEP][PASSED] - openBrowser: Browser is opened with url: ''

2018-07-16 13:34:02 - [MESSAGE][PASSED] - Browser is opened with url: ''

2018-07-16 13:34:02 - [TEST_STEP][PASSED] - navigateToUrl: Navigate to 'https://coa-demo-env.azurewebsites.net/da/index.html#/login' successfully

2018-07-16 13:34:07 - [MESSAGE][PASSED] - Navigate to 'https://coa-demo-env.azurewebsites.net/da/index.html#/login' successfully

2018-07-16 13:34:07 - [TEST_STEP][PASSED] - maximizeWindow: Current window maximized

2018-07-16 13:34:08 - [MESSAGE][PASSED] - Current window maximized

2018-07-16 13:34:08 - [MESSAGE][PASSED] - Call Test Case 'Test Cases/CommonTestcases/OpenBrowserandNavigateToQAURL' successfully

2018-07-16 13:34:08 - [TEST_STEP][PASSED] - waitForElementVisible: Object 'Object Repository/OMVA_Login_Page/Username_Textbox' is visible

2018-07-16 13:34:09 - [MESSAGE][PASSED] - Object 'Object Repository/OMVA_Login_Page/Username_Textbox' is visible

2018-07-16 13:34:09 - [TEST_STEP][PASSED] - sendKeys: Keys 'Lock' sent to object: 'Object Repository/OMVA_Login_Page/Username_Textbox'

2018-07-16 13:34:09 - [MESSAGE][PASSED] - Keys 'Lock' sent to object: 'Object Repository/OMVA_Login_Page/Username_Textbox'

2018-07-16 13:34:09 - [TEST_STEP][PASSED] - click: Object: 'Object Repository/OMVA_Login_Page/Next_Button' is clicked on

2018-07-16 13:34:09 - [MESSAGE][PASSED] - Object: 'Object Repository/OMVA_Login_Page/Next_Button' is clicked on

2018-07-16 13:34:09 - [TEST_STEP][PASSED] - Statement - If (true): null

2018-07-16 13:34:09 - [TEST_STEP][PASSED] - waitForElementVisible: Object 'Object Repository/OMVA_Login_Page/Password_Textbox' is visible

2018-07-16 13:34:10 - [MESSAGE][PASSED] - Object 'Object Repository/OMVA_Login_Page/Password_Textbox' is visible

2018-07-16 13:34:10 - [TEST_STEP][PASSED] - Statement - assert true: null

2018-07-16 13:34:10 - [TEST_STEP][PASSED] - sendKeys: Keys 'Pwd' sent to object: 'Object Repository/OMVA_Login_Page/Password_Textbox'

2018-07-16 13:34:10 - [MESSAGE][PASSED] - Keys 'Pwd' sent to object: 'Object Repository/OMVA_Login_Page/Password_Textbox'

2018-07-16 13:34:10 - [TEST_STEP][PASSED] - click: Object: 'Object Repository/OMVA_Login_Page/Signin_Button' is clicked on

2018-07-16 13:34:10 - [MESSAGE][PASSED] - Object: 'Object Repository/OMVA_Login_Page/Signin_Button' is clicked on

2018-07-16 13:34:10 - [TEST_STEP][PASSED] - Statement - AHeaderTxt = com.kms.katalon.core.webui.keyword.WebUiBuiltInKeywords.getText(com.kms.katalon.core.testobject.ObjectRepository.findTestObject(OMVA_Login_Page/InvalidLogin_HeaderTxt)): Text of object 'Object Repository/OMVA_Login_Page/InvalidLogin_HeaderTxt' is: 'Invalid Credentials'

2018-07-16 13:34:11 - [MESSAGE][PASSED] - Text of object 'Object Repository/OMVA_Login_Page/InvalidLogin_HeaderTxt' is: 'Invalid Credentials'

2018-07-16 13:34:11 - [TEST_STEP][PASSED] - verifyMatch: Actual text 'Invalid Credentials' and expected text 'Invalid Credentials' are matched  using regular expression

2018-07-16 13:34:11 - [MESSAGE][PASSED] - Actual text 'Invalid Credentials' and expected text 'Invalid Credentials' are matched  using regular expression

2018-07-16 13:34:11 - [TEST_STEP][PASSED] - Statement - AContentTxt = com.kms.katalon.core.webui.keyword.WebUiBuiltInKeywords.getText(com.kms.katalon.core.testobject.ObjectRepository.findTestObject(OMVA_Login_Page/InvalidLogin_ContentTxt)): Text of object 'Object Repository/OMVA_Login_Page/InvalidLogin_ContentTxt' is: 'The specified username / password is invalid. Please try again.'

2018-07-16 13:34:11 - [MESSAGE][PASSED] - Text of object 'Object Repository/OMVA_Login_Page/InvalidLogin_ContentTxt' is: 'The specified username / password is invalid. Please try again.'

2018-07-16 13:34:11 - [TEST_STEP][PASSED] - verifyMatch: Actual text 'The specified username / password is invalid. Please try again.' and expected text 'The specified username / password is invalid. Please try again.' are matched  using regular expression

2018-07-16 13:34:11 - [MESSAGE][PASSED] - Actual text 'The specified username / password is invalid. Please try again.' and expected text 'The specified username / password is invalid. Please try again.' are matched  using regular expression

2018-07-16 13:34:11 - [TEST_STEP][PASSED] - waitForElementVisible: Object 'Object Repository/OMVA_Login_Page/InvalidLogin_OKbtn' is visible

2018-07-16 13:34:11 - [MESSAGE][PASSED] - Object 'Object Repository/OMVA_Login_Page/InvalidLogin_OKbtn' is visible

2018-07-16 13:34:11 - [TEST_STEP][PASSED] - Statement - assert true: null

2018-07-16 13:34:11 - [TEST_STEP][PASSED] - click: Object: 'Object Repository/OMVA_Login_Page/InvalidLogin_OKbtn' is clicked on

2018-07-16 13:34:11 - [MESSAGE][PASSED] - Object: 'Object Repository/OMVA_Login_Page/InvalidLogin_OKbtn' is clicked on

2018-07-16 13:34:11 - [TEST_STEP][PASSED] - closeBrowser: Browser is closed

2018-07-16 13:34:12 - [MESSAGE][PASSED] - Browser is closed

2018-07-16 13:34:12 - [MESSAGE][PASSED] - Call Test Case 'Test Cases/UserManagementTestCases/Login/Invalid_Login' successfully

2018-07-16 13:34:12 - [TEST_STEP][PASSED] - callTestCase: Call Test Case 'Test Cases/UserManagementTestCases/Login/Invalid_Login' successfully

2018-07-16 13:34:12 - [TEST_CASE][PASSED] - Test Cases/UserManagementTestCases/Login/Invalid_Login: Test Cases/UserManagementTestCases/Login/Invalid_Login

2018-07-16 13:34:12 - [TEST_STEP][PASSED] - callTestCase: Call Test Case 'Test Cases/CommonTestcases/OpenBrowserandNavigateToQAURL' successfully

2018-07-16 13:34:12 - [TEST_CASE][PASSED] - Test Cases/CommonTestcases/OpenBrowserandNavigateToQAURL: Test Cases/CommonTestcases/OpenBrowserandNavigateToQAURL

2018-07-16 13:34:12 - [TEST_STEP][PASSED] - openBrowser: Browser is opened with url: ''

2018-07-16 13:34:14 - [MESSAGE][PASSED] - Browser is opened with url: ''

2018-07-16 13:34:14 - [TEST_STEP][PASSED] - navigateToUrl: Navigate to 'https://coa-demo-env.azurewebsites.net/da/index.html#/login' successfully

2018-07-16 13:34:19 - [MESSAGE][PASSED] - Navigate to 'https://coa-demo-env.azurewebsites.net/da/index.html#/login' successfully

2018-07-16 13:34:19 - [TEST_STEP][PASSED] - maximizeWindow: Current window maximized

2018-07-16 13:34:20 - [MESSAGE][PASSED] - Current window maximized

2018-07-16 13:34:20 - [MESSAGE][PASSED] - Call Test Case 'Test Cases/CommonTestcases/OpenBrowserandNavigateToQAURL' successfully

2018-07-16 13:34:20 - [TEST_STEP][PASSED] - waitForElementVisible: Object 'Object Repository/OMVA_Login_Page/Username_Textbox' is visible

2018-07-16 13:34:20 - [MESSAGE][PASSED] - Object 'Object Repository/OMVA_Login_Page/Username_Textbox' is visible

2018-07-16 13:34:20 - [TEST_STEP][PASSED] - sendKeys: Keys 'Lock' sent to object: 'Object Repository/OMVA_Login_Page/Username_Textbox'

2018-07-16 13:34:21 - [MESSAGE][PASSED] - Keys 'Lock' sent to object: 'Object Repository/OMVA_Login_Page/Username_Textbox'

2018-07-16 13:34:21 - [TEST_STEP][PASSED] - click: Object: 'Object Repository/OMVA_Login_Page/Next_Button' is clicked on

2018-07-16 13:34:21 - [MESSAGE][PASSED] - Object: 'Object Repository/OMVA_Login_Page/Next_Button' is clicked on

2018-07-16 13:34:21 - [TEST_STEP][PASSED] - Statement - If (true): null

2018-07-16 13:34:21 - [TEST_STEP][PASSED] - waitForElementVisible: Object 'Object Repository/OMVA_Login_Page/Password_Textbox' is visible

2018-07-16 13:34:21 - [MESSAGE][PASSED] - Object 'Object Repository/OMVA_Login_Page/Password_Textbox' is visible

2018-07-16 13:34:21 - [TEST_STEP][PASSED] - Statement - assert true: null

2018-07-16 13:34:21 - [TEST_STEP][PASSED] - sendKeys: Keys 'Pwd' sent to object: 'Object Repository/OMVA_Login_Page/Password_Textbox'

2018-07-16 13:34:21 - [MESSAGE][PASSED] - Keys 'Pwd' sent to object: 'Object Repository/OMVA_Login_Page/Password_Textbox'

2018-07-16 13:34:21 - [TEST_STEP][PASSED] - click: Object: 'Object Repository/OMVA_Login_Page/Signin_Button' is clicked on

2018-07-16 13:34:22 - [MESSAGE][PASSED] - Object: 'Object Repository/OMVA_Login_Page/Signin_Button' is clicked on

2018-07-16 13:34:22 - [TEST_STEP][PASSED] - Statement - AHeaderTxt = com.kms.katalon.core.webui.keyword.WebUiBuiltInKeywords.getText(com.kms.katalon.core.testobject.ObjectRepository.findTestObject(OMVA_Login_Page/InvalidLogin_HeaderTxt)): Text of object 'Object Repository/OMVA_Login_Page/InvalidLogin_HeaderTxt' is: 'Invalid Credentials'

2018-07-16 13:34:22 - [MESSAGE][PASSED] - Text of object 'Object Repository/OMVA_Login_Page/InvalidLogin_HeaderTxt' is: 'Invalid Credentials'

2018-07-16 13:34:22 - [TEST_STEP][PASSED] - verifyMatch: Actual text 'Invalid Credentials' and expected text 'Invalid Credentials' are matched  using regular expression

2018-07-16 13:34:22 - [MESSAGE][PASSED] - Actual text 'Invalid Credentials' and expected text 'Invalid Credentials' are matched  using regular expression

2018-07-16 13:34:22 - [TEST_STEP][PASSED] - Statement - AContentTxt = com.kms.katalon.core.webui.keyword.WebUiBuiltInKeywords.getText(com.kms.katalon.core.testobject.ObjectRepository.findTestObject(OMVA_Login_Page/InvalidLogin_ContentTxt)): Text of object 'Object Repository/OMVA_Login_Page/InvalidLogin_ContentTxt' is: 'The specified username / password is invalid. Please try again.'

2018-07-16 13:34:22 - [MESSAGE][PASSED] - Text of object 'Object Repository/OMVA_Login_Page/InvalidLogin_ContentTxt' is: 'The specified username / password is invalid. Please try again.'

2018-07-16 13:34:22 - [TEST_STEP][PASSED] - verifyMatch: Actual text 'The specified username / password is invalid. Please try again.' and expected text 'The specified username / password is invalid. Please try again.' are matched  using regular expression

2018-07-16 13:34:22 - [MESSAGE][PASSED] - Actual text 'The specified username / password is invalid. Please try again.' and expected text 'The specified username / password is invalid. Please try again.' are matched  using regular expression

2018-07-16 13:34:22 - [TEST_STEP][PASSED] - waitForElementVisible: Object 'Object Repository/OMVA_Login_Page/InvalidLogin_OKbtn' is visible

2018-07-16 13:34:22 - [MESSAGE][PASSED] - Object 'Object Repository/OMVA_Login_Page/InvalidLogin_OKbtn' is visible

2018-07-16 13:34:22 - [TEST_STEP][PASSED] - Statement - assert true: null

2018-07-16 13:34:22 - [TEST_STEP][PASSED] - click: Object: 'Object Repository/OMVA_Login_Page/InvalidLogin_OKbtn' is clicked on

2018-07-16 13:34:23 - [MESSAGE][PASSED] - Object: 'Object Repository/OMVA_Login_Page/InvalidLogin_OKbtn' is clicked on

2018-07-16 13:34:23 - [TEST_STEP][PASSED] - closeBrowser: Browser is closed

2018-07-16 13:34:23 - [MESSAGE][PASSED] - Browser is closed

2018-07-16 13:34:23 - [MESSAGE][PASSED] - Call Test Case 'Test Cases/UserManagementTestCases/Login/Invalid_Login' successfully

2018-07-16 13:34:23 - [TEST_STEP][PASSED] - callTestCase: Call Test Case 'Test Cases/UserManagementTestCases/Login/Invalid_Login' successfully

2018-07-16 13:34:23 - [TEST_CASE][PASSED] - Test Cases/UserManagementTestCases/Login/Invalid_Login: Test Cases/UserManagementTestCases/Login/Invalid_Login

2018-07-16 13:34:23 - [TEST_STEP][PASSED] - callTestCase: Call Test Case 'Test Cases/CommonTestcases/OpenBrowserandNavigateToQAURL' successfully

2018-07-16 13:34:23 - [TEST_CASE][PASSED] - Test Cases/CommonTestcases/OpenBrowserandNavigateToQAURL: Test Cases/CommonTestcases/OpenBrowserandNavigateToQAURL

2018-07-16 13:34:23 - [TEST_STEP][PASSED] - openBrowser: Browser is opened with url: ''

2018-07-16 13:34:26 - [MESSAGE][PASSED] - Browser is opened with url: ''

2018-07-16 13:34:26 - [TEST_STEP][PASSED] - navigateToUrl: Navigate to 'https://coa-demo-env.azurewebsites.net/da/index.html#/login' successfully

2018-07-16 13:34:31 - [MESSAGE][PASSED] - Navigate to 'https://coa-demo-env.azurewebsites.net/da/index.html#/login' successfully

2018-07-16 13:34:31 - [TEST_STEP][PASSED] - maximizeWindow: Current window maximized

2018-07-16 13:34:32 - [MESSAGE][PASSED] - Current window maximized

2018-07-16 13:34:32 - [MESSAGE][PASSED] - Call Test Case 'Test Cases/CommonTestcases/OpenBrowserandNavigateToQAURL' successfully

2018-07-16 13:34:32 - [TEST_STEP][PASSED] - waitForElementVisible: Object 'Object Repository/OMVA_Login_Page/Username_Textbox' is visible

2018-07-16 13:34:32 - [MESSAGE][PASSED] - Object 'Object Repository/OMVA_Login_Page/Username_Textbox' is visible

2018-07-16 13:34:32 - [TEST_STEP][PASSED] - sendKeys: Keys 'Lock' sent to object: 'Object Repository/OMVA_Login_Page/Username_Textbox'

2018-07-16 13:34:32 - [MESSAGE][PASSED] - Keys 'Lock' sent to object: 'Object Repository/OMVA_Login_Page/Username_Textbox'

2018-07-16 13:34:32 - [TEST_STEP][PASSED] - click: Object: 'Object Repository/OMVA_Login_Page/Next_Button' is clicked on

2018-07-16 13:34:32 - [MESSAGE][PASSED] - Object: 'Object Repository/OMVA_Login_Page/Next_Button' is clicked on

2018-07-16 13:34:32 - [TEST_STEP][PASSED] - Statement - If (true): null

2018-07-16 13:34:32 - [TEST_STEP][PASSED] - waitForElementVisible: Object 'Object Repository/OMVA_Login_Page/Password_Textbox' is visible

2018-07-16 13:34:33 - [MESSAGE][PASSED] - Object 'Object Repository/OMVA_Login_Page/Password_Textbox' is visible

2018-07-16 13:34:33 - [TEST_STEP][PASSED] - Statement - assert true: null

2018-07-16 13:34:33 - [TEST_STEP][PASSED] - sendKeys: Keys 'Pwd' sent to object: 'Object Repository/OMVA_Login_Page/Password_Textbox'

2018-07-16 13:34:33 - [MESSAGE][PASSED] - Keys 'Pwd' sent to object: 'Object Repository/OMVA_Login_Page/Password_Textbox'

2018-07-16 13:34:33 - [TEST_STEP][PASSED] - click: Object: 'Object Repository/OMVA_Login_Page/Signin_Button' is clicked on

2018-07-16 13:34:33 - [MESSAGE][PASSED] - Object: 'Object Repository/OMVA_Login_Page/Signin_Button' is clicked on

2018-07-16 13:34:33 - [TEST_STEP][PASSED] - Statement - AHeaderTxt = com.kms.katalon.core.webui.keyword.WebUiBuiltInKeywords.getText(com.kms.katalon.core.testobject.ObjectRepository.findTestObject(OMVA_Login_Page/InvalidLogin_HeaderTxt)): Text of object 'Object Repository/OMVA_Login_Page/InvalidLogin_HeaderTxt' is: 'Invalid Credentials'

2018-07-16 13:34:33 - [MESSAGE][PASSED] - Text of object 'Object Repository/OMVA_Login_Page/InvalidLogin_HeaderTxt' is: 'Invalid Credentials'

2018-07-16 13:34:33 - [TEST_STEP][PASSED] - verifyMatch: Actual text 'Invalid Credentials' and expected text 'Invalid Credentials' are matched  using regular expression

2018-07-16 13:34:34 - [MESSAGE][PASSED] - Actual text 'Invalid Credentials' and expected text 'Invalid Credentials' are matched  using regular expression

2018-07-16 13:34:34 - [TEST_STEP][PASSED] - Statement - AContentTxt = com.kms.katalon.core.webui.keyword.WebUiBuiltInKeywords.getText(com.kms.katalon.core.testobject.ObjectRepository.findTestObject(OMVA_Login_Page/InvalidLogin_ContentTxt)): Text of object 'Object Repository/OMVA_Login_Page/InvalidLogin_ContentTxt' is: 'The specified username / password is invalid. Please try again.'

2018-07-16 13:34:34 - [MESSAGE][PASSED] - Text of object 'Object Repository/OMVA_Login_Page/InvalidLogin_ContentTxt' is: 'The specified username / password is invalid. Please try again.'

2018-07-16 13:34:34 - [TEST_STEP][PASSED] - verifyMatch: Actual text 'The specified username / password is invalid. Please try again.' and expected text 'The specified username / password is invalid. Please try again.' are matched  using regular expression

2018-07-16 13:34:34 - [MESSAGE][PASSED] - Actual text 'The specified username / password is invalid. Please try again.' and expected text 'The specified username / password is invalid. Please try again.' are matched  using regular expression

2018-07-16 13:34:34 - [TEST_STEP][PASSED] - waitForElementVisible: Object 'Object Repository/OMVA_Login_Page/InvalidLogin_OKbtn' is visible

2018-07-16 13:34:34 - [MESSAGE][PASSED] - Object 'Object Repository/OMVA_Login_Page/InvalidLogin_OKbtn' is visible

2018-07-16 13:34:34 - [TEST_STEP][PASSED] - Statement - assert true: null

2018-07-16 13:34:34 - [TEST_STEP][PASSED] - click: Object: 'Object Repository/OMVA_Login_Page/InvalidLogin_OKbtn' is clicked on

2018-07-16 13:34:34 - [MESSAGE][PASSED] - Object: 'Object Repository/OMVA_Login_Page/InvalidLogin_OKbtn' is clicked on

2018-07-16 13:34:34 - [TEST_STEP][PASSED] - closeBrowser: Browser is closed

2018-07-16 13:34:35 - [MESSAGE][PASSED] - Browser is closed

2018-07-16 13:34:35 - [MESSAGE][PASSED] - Call Test Case 'Test Cases/UserManagementTestCases/Login/Invalid_Login' successfully

2018-07-16 13:34:35 - [TEST_STEP][PASSED] - callTestCase: Call Test Case 'Test Cases/UserManagementTestCases/Login/LockUser_Login' successfully

2018-07-16 13:34:35 - [TEST_CASE][PASSED] - Test Cases/UserManagementTestCases/Login/LockUser_Login: Test Cases/UserManagementTestCases/Login/LockUser_Login

2018-07-16 13:34:35 - [TEST_STEP][PASSED] - callTestCase: Call Test Case 'Test Cases/CommonTestcases/OpenBrowserandNavigateToQAURL' successfully

2018-07-16 13:34:35 - [TEST_CASE][PASSED] - Test Cases/CommonTestcases/OpenBrowserandNavigateToQAURL: Test Cases/CommonTestcases/OpenBrowserandNavigateToQAURL

2018-07-16 13:34:35 - [TEST_STEP][PASSED] - openBrowser: Browser is opened with url: ''

2018-07-16 13:34:38 - [MESSAGE][PASSED] - Browser is opened with url: ''

2018-07-16 13:34:38 - [TEST_STEP][PASSED] - navigateToUrl: Navigate to 'https://coa-demo-env.azurewebsites.net/da/index.html#/login' successfully

2018-07-16 13:34:44 - [MESSAGE][PASSED] - Navigate to 'https://coa-demo-env.azurewebsites.net/da/index.html#/login' successfully

2018-07-16 13:34:44 - [TEST_STEP][PASSED] - maximizeWindow: Current window maximized

2018-07-16 13:34:45 - [MESSAGE][PASSED] - Current window maximized

2018-07-16 13:34:45 - [MESSAGE][PASSED] - Call Test Case 'Test Cases/CommonTestcases/OpenBrowserandNavigateToQAURL' successfully

2018-07-16 13:34:45 - [TEST_STEP][PASSED] - waitForElementVisible: Object 'Object Repository/OMVA_Login_Page/Username_Textbox' is visible

2018-07-16 13:34:45 - [MESSAGE][PASSED] - Object 'Object Repository/OMVA_Login_Page/Username_Textbox' is visible

2018-07-16 13:34:45 - [TEST_STEP][PASSED] - sendKeys: Keys 'Lock' sent to object: 'Object Repository/OMVA_Login_Page/Username_Textbox'

2018-07-16 13:34:45 - [MESSAGE][PASSED] - Keys 'Lock' sent to object: 'Object Repository/OMVA_Login_Page/Username_Textbox'

2018-07-16 13:34:45 - [TEST_STEP][PASSED] - click: Object: 'Object Repository/OMVA_Login_Page/Next_Button' is clicked on

2018-07-16 13:34:45 - [MESSAGE][PASSED] - Object: 'Object Repository/OMVA_Login_Page/Next_Button' is clicked on

2018-07-16 13:34:45 - [TEST_STEP][PASSED] - waitForElementVisible: Object 'Object Repository/OMVA_Login_Page/Password_Textbox' is visible

2018-07-16 13:34:45 - [MESSAGE][PASSED] - Object 'Object Repository/OMVA_Login_Page/Password_Textbox' is visible

2018-07-16 13:34:45 - [TEST_STEP][PASSED] - sendKeys: Keys 'Lock' sent to object: 'Object Repository/OMVA_Login_Page/Password_Textbox'

2018-07-16 13:34:46 - [MESSAGE][PASSED] - Keys 'Lock' sent to object: 'Object Repository/OMVA_Login_Page/Password_Textbox'

2018-07-16 13:34:46 - [TEST_STEP][PASSED] - click: Object: 'Object Repository/OMVA_Login_Page/Signin_Button' is clicked on

2018-07-16 13:34:46 - [MESSAGE][PASSED] - Object: 'Object Repository/OMVA_Login_Page/Signin_Button' is clicked on

2018-07-16 13:34:46 - [TEST_STEP][PASSED] - delay: Delayed 4 second(s)

2018-07-16 13:34:50 - [MESSAGE][PASSED] - Delayed 4 second(s)

2018-07-16 13:34:50 - [TEST_STEP][PASSED] - Statement - AHeaderTxt = com.kms.katalon.core.webui.keyword.WebUiBuiltInKeywords.getText(com.kms.katalon.core.testobject.ObjectRepository.findTestObject(OMVA_Login_Page/LockedLogin_HeaderTxt)): Text of object 'Object Repository/OMVA_Login_Page/LockedLogin_HeaderTxt' is: 'Account Locked'

2018-07-16 13:34:50 - [MESSAGE][PASSED] - Text of object 'Object Repository/OMVA_Login_Page/LockedLogin_HeaderTxt' is: 'Account Locked'

2018-07-16 13:34:50 - [TEST_STEP][PASSED] - verifyMatch: Actual text 'Account Locked' and expected text 'Account Locked' are matched  using regular expression

2018-07-16 13:34:50 - [MESSAGE][PASSED] - Actual text 'Account Locked' and expected text 'Account Locked' are matched  using regular expression

2018-07-16 13:34:50 - [TEST_STEP][PASSED] - Statement - AContentTxt = com.kms.katalon.core.webui.keyword.WebUiBuiltInKeywords.getText(com.kms.katalon.core.testobject.ObjectRepository.findTestObject(OMVA_Login_Page/LockedLogin_ContentTxt)): Text of object 'Object Repository/OMVA_Login_Page/LockedLogin_ContentTxt' is: 'This account is locked due to multiple failed attempts. Please contact support team to resolve the same'

2018-07-16 13:34:50 - [MESSAGE][PASSED] - Text of object 'Object Repository/OMVA_Login_Page/LockedLogin_ContentTxt' is: 'This account is locked due to multiple failed attempts. Please contact support team to resolve the same'

2018-07-16 13:34:50 - [TEST_STEP][PASSED] - verifyMatch: Actual text 'This account is locked due to multiple failed attempts. Please contact support team to resolve the same' and expected text 'This account is locked due to multiple failed attempts. Please contact support team to resolve the same' are matched  using regular expression

2018-07-16 13:34:50 - [MESSAGE][PASSED] - Actual text 'This account is locked due to multiple failed attempts. Please contact support team to resolve the same' and expected text 'This account is locked due to multiple failed attempts. Please contact support team to resolve the same' are matched  using regular expression

2018-07-16 13:34:50 - [TEST_STEP][PASSED] - waitForElementVisible: Object 'Object Repository/OMVA_Login_Page/InvalidLogin_OKbtn' is visible

2018-07-16 13:34:50 - [MESSAGE][PASSED] - Object 'Object Repository/OMVA_Login_Page/InvalidLogin_OKbtn' is visible

2018-07-16 13:34:50 - [TEST_STEP][PASSED] - click: Object: 'Object Repository/OMVA_Login_Page/InvalidLogin_OKbtn' is clicked on

2018-07-16 13:34:50 - [MESSAGE][PASSED] - Object: 'Object Repository/OMVA_Login_Page/InvalidLogin_OKbtn' is clicked on

2018-07-16 13:34:50 - [TEST_STEP][PASSED] - closeBrowser: Browser is closed

2018-07-16 13:34:51 - [MESSAGE][PASSED] - Browser is closed

2018-07-16 13:34:51 - [MESSAGE][PASSED] - Call Test Case 'Test Cases/UserManagementTestCases/Login/LockUser_Login' successfully]]></system-out>
         <system-err><![CDATA[]]></system-err>
      </testcase>
      <testcase name="Test Cases/UserManagementTestCases/UserActions/Unlock_User" classname="Test Cases/UserManagementTestCases/UserActions/Unlock_User" status="PASSED">
         <system-out><![CDATA[2018-07-16 13:34:51 - [TEST_CASE][PASSED] - Test Cases/UserManagementTestCases/UserActions/Unlock_User: Test Cases/UserManagementTestCases/UserActions/Unlock_User

2018-07-16 13:34:51 - [TEST_STEP][PASSED] - callTestCase: Call Test Case 'Test Cases/CommonTestcases/OpenBrowserandNavigateToQAURL' successfully

2018-07-16 13:34:52 - [TEST_CASE][PASSED] - Test Cases/CommonTestcases/OpenBrowserandNavigateToQAURL: Test Cases/CommonTestcases/OpenBrowserandNavigateToQAURL

2018-07-16 13:34:52 - [TEST_STEP][PASSED] - openBrowser: Browser is opened with url: ''

2018-07-16 13:34:54 - [MESSAGE][PASSED] - Browser is opened with url: ''

2018-07-16 13:34:54 - [TEST_STEP][PASSED] - navigateToUrl: Navigate to 'https://coa-demo-env.azurewebsites.net/da/index.html#/login' successfully

2018-07-16 13:35:00 - [MESSAGE][PASSED] - Navigate to 'https://coa-demo-env.azurewebsites.net/da/index.html#/login' successfully

2018-07-16 13:35:00 - [TEST_STEP][PASSED] - maximizeWindow: Current window maximized

2018-07-16 13:35:01 - [MESSAGE][PASSED] - Current window maximized

2018-07-16 13:35:01 - [MESSAGE][PASSED] - Call Test Case 'Test Cases/CommonTestcases/OpenBrowserandNavigateToQAURL' successfully

2018-07-16 13:35:01 - [TEST_STEP][PASSED] - waitForElementVisible: Object 'Object Repository/OMVA_Login_Page/Username_Textbox' is visible

2018-07-16 13:35:01 - [MESSAGE][PASSED] - Object 'Object Repository/OMVA_Login_Page/Username_Textbox' is visible

2018-07-16 13:35:01 - [TEST_STEP][PASSED] - sendKeys: Keys 'SuperAdmin' sent to object: 'Object Repository/OMVA_Login_Page/Username_Textbox'

2018-07-16 13:35:01 - [MESSAGE][PASSED] - Keys 'SuperAdmin' sent to object: 'Object Repository/OMVA_Login_Page/Username_Textbox'

2018-07-16 13:35:01 - [TEST_STEP][PASSED] - click: Object: 'Object Repository/OMVA_Login_Page/Next_Button' is clicked on

2018-07-16 13:35:02 - [MESSAGE][PASSED] - Object: 'Object Repository/OMVA_Login_Page/Next_Button' is clicked on

2018-07-16 13:35:02 - [TEST_STEP][PASSED] - waitForElementVisible: Object 'Object Repository/OMVA_Login_Page/Password_Textbox' is visible

2018-07-16 13:35:02 - [MESSAGE][PASSED] - Object 'Object Repository/OMVA_Login_Page/Password_Textbox' is visible

2018-07-16 13:35:02 - [TEST_STEP][PASSED] - sendKeys: Keys 'SuperAdmin' sent to object: 'Object Repository/OMVA_Login_Page/Password_Textbox'

2018-07-16 13:35:02 - [MESSAGE][PASSED] - Keys 'SuperAdmin' sent to object: 'Object Repository/OMVA_Login_Page/Password_Textbox'

2018-07-16 13:35:02 - [TEST_STEP][PASSED] - click: Object: 'Object Repository/OMVA_Login_Page/Signin_Button' is clicked on

2018-07-16 13:35:03 - [MESSAGE][PASSED] - Object: 'Object Repository/OMVA_Login_Page/Signin_Button' is clicked on

2018-07-16 13:35:03 - [TEST_STEP][PASSED] - delay: Delayed 5 second(s)

2018-07-16 13:35:08 - [MESSAGE][PASSED] - Delayed 5 second(s)

2018-07-16 13:35:08 - [TEST_STEP][PASSED] - waitForElementVisible: Object 'Object Repository/OMVA_Landing_Page/Search_icon' is visible

2018-07-16 13:35:08 - [MESSAGE][PASSED] - Object 'Object Repository/OMVA_Landing_Page/Search_icon' is visible

2018-07-16 13:35:08 - [TEST_STEP][PASSED] - click: Object: 'Object Repository/OMVA_Landing_Page/Search_icon' is clicked on

2018-07-16 13:35:08 - [MESSAGE][PASSED] - Object: 'Object Repository/OMVA_Landing_Page/Search_icon' is clicked on

2018-07-16 13:35:08 - [TEST_STEP][PASSED] - sendKeys: Keys 'Lock' sent to object: 'Object Repository/OMVA_Landing_Page/Search_icon'

2018-07-16 13:35:08 - [MESSAGE][PASSED] - Keys 'Lock' sent to object: 'Object Repository/OMVA_Landing_Page/Search_icon'

2018-07-16 13:35:08 - [TEST_STEP][PASSED] - delay: Delayed 3 second(s)

2018-07-16 13:35:11 - [MESSAGE][PASSED] - Delayed 3 second(s)

2018-07-16 13:35:11 - [TEST_STEP][PASSED] - waitForElementVisible: Object 'Object Repository/OMVA_Landing_Page/Locked_Icon' is visible

2018-07-16 13:35:11 - [MESSAGE][PASSED] - Object 'Object Repository/OMVA_Landing_Page/Locked_Icon' is visible

2018-07-16 13:35:11 - [TEST_STEP][PASSED] - click: Object: 'Object Repository/OMVA_Landing_Page/Locked_Icon' is clicked on

2018-07-16 13:35:11 - [MESSAGE][PASSED] - Object: 'Object Repository/OMVA_Landing_Page/Locked_Icon' is clicked on

2018-07-16 13:35:11 - [TEST_STEP][PASSED] - waitForElementVisible: Object 'Object Repository/OMVA_Landing_Page/UnlockUserPopup_HeaderTxt' is visible

2018-07-16 13:35:12 - [MESSAGE][PASSED] - Object 'Object Repository/OMVA_Landing_Page/UnlockUserPopup_HeaderTxt' is visible

2018-07-16 13:35:12 - [TEST_STEP][PASSED] - Statement - AHeaderTxt = com.kms.katalon.core.webui.keyword.WebUiBuiltInKeywords.getText(com.kms.katalon.core.testobject.ObjectRepository.findTestObject(OMVA_Landing_Page/UnlockUserPopup_HeaderTxt)): Text of object 'Object Repository/OMVA_Landing_Page/UnlockUserPopup_HeaderTxt' is: 'Confirm Unlock'

2018-07-16 13:35:12 - [MESSAGE][PASSED] - Text of object 'Object Repository/OMVA_Landing_Page/UnlockUserPopup_HeaderTxt' is: 'Confirm Unlock'

2018-07-16 13:35:12 - [TEST_STEP][PASSED] - verifyMatch: Actual text 'Confirm Unlock' and expected text 'Confirm Unlock' are matched  using regular expression

2018-07-16 13:35:12 - [MESSAGE][PASSED] - Actual text 'Confirm Unlock' and expected text 'Confirm Unlock' are matched  using regular expression

2018-07-16 13:35:12 - [TEST_STEP][PASSED] - Statement - AContentTxt = com.kms.katalon.core.webui.keyword.WebUiBuiltInKeywords.getText(com.kms.katalon.core.testobject.ObjectRepository.findTestObject(OMVA_Landing_Page/UnlockUserPopup_ContentTxt)): Text of object 'Object Repository/OMVA_Landing_Page/UnlockUserPopup_ContentTxt' is: 'Are you sure you want to unlock Lock's account?'

2018-07-16 13:35:12 - [MESSAGE][PASSED] - Text of object 'Object Repository/OMVA_Landing_Page/UnlockUserPopup_ContentTxt' is: 'Are you sure you want to unlock Lock's account?'

2018-07-16 13:35:12 - [TEST_STEP][PASSED] - click: Object: 'Object Repository/OMVA_Landing_Page/UnlockUserPopup_OKBtn' is clicked on

2018-07-16 13:35:12 - [MESSAGE][PASSED] - Object: 'Object Repository/OMVA_Landing_Page/UnlockUserPopup_OKBtn' is clicked on

2018-07-16 13:35:12 - [TEST_STEP][PASSED] - Statement - UnlockToastMsg = com.kms.katalon.core.webui.keyword.WebUiBuiltInKeywords.getText(com.kms.katalon.core.testobject.ObjectRepository.findTestObject(OMVA_Landing_Page/Unlock_ToastMsg)): Text of object 'Object Repository/OMVA_Landing_Page/Unlock_ToastMsg' is: 'An email will be triggered to inform the user.'

2018-07-16 13:35:13 - [MESSAGE][PASSED] - Text of object 'Object Repository/OMVA_Landing_Page/Unlock_ToastMsg' is: 'An email will be triggered to inform the user.'

2018-07-16 13:35:13 - [TEST_STEP][PASSED] - verifyMatch: Actual text 'An email will be triggered to inform the user.' and expected text 'An email will be triggered to inform the user.' are matched  using regular expression

2018-07-16 13:35:13 - [MESSAGE][PASSED] - Actual text 'An email will be triggered to inform the user.' and expected text 'An email will be triggered to inform the user.' are matched  using regular expression

2018-07-16 13:35:13 - [TEST_STEP][PASSED] - closeBrowser: Browser is closed

2018-07-16 13:35:14 - [MESSAGE][PASSED] - Browser is closed]]></system-out>
         <system-err><![CDATA[]]></system-err>
      </testcase>
      <system-out><![CDATA[2018-07-16 13:33:29 - [TEST_SUITE][PASSED] - UserManagementTestSuite: Test Cases/UserManagementTestCases/UserActions/Unlock_User]]></system-out>
      <system-err><![CDATA[]]></system-err>
   </testsuite>
</testsuites>
